output (""" Rico test cases ^^ #ggwp """)
output (0.00)
output (16.00)
output (-22.00)
output (-147.00)
output (0.00)
output (0.01)
output (-8.00)
output (-1.00)
output (193.00)
output (hello world)
output (hello world)
output (-18.00)
condition not met
output (0.00)
computation performed (pi = 3.14)
computation performed (PI = 3.14)
condition not met
condition met, output (less)
condition not met
condition met, output (not equal)
condition met, output (less than or equal)
condition not met
computation performed (pi = 3.14)
condition met, output (equal)
condition not met
condition not met
condition not met
condition met, output (less than or equal)
condition met, output (greater than or equal)
