output (Simple stuff)
computation performed (var123 = 1.23)
compile error on lines 5-6 [S: invalid statement or missing semicolon]
output (1.23)
compile error on line 7 [R2: expected right parenthesis after PRINT(<expression>]
output (0.00)
computation performed (RESULT = 0.00)
output (0.00)
output (0.00)
compile error on line 11 [R1: expected left parenthesis after PRINT, D4: expected variable or literal, R2: expected right parenthesis after PRINT(<expression>, S: invalid statement or missing semicolon]
output (0.00)
compile error on line 12 [R1: expected left parenthesis after PRINT]
computation performed (x = 2.24)
output (4.47)
output (111.00)
compile error on line 16 [lexical error: invalid token @, R2: expected right parenthesis after PRINT(<expression>, S: invalid statement or missing semicolon]
output (Nested stuff)
compile error on lines 17-22 [S: invalid statement or missing semicolon]
output (0.00)
computation performed (y = 2.24)
compile error on line 24 [D2: expected right parenthesis after SQRT(<expression>, S: invalid statement or missing semicolon]
output (2.24)
output (0.00)
compile error on lines 26-28 [D4: expected variable or literal, R2: expected right parenthesis after PRINT(<expression>, S: invalid statement or missing semicolon]
computation performed (xx = 5.00)
condition met, output (Greater)
compile error on line 33 [R3: expected left parenthesis, R4: expected right parenthesis]
condition not met
condition met, output (Ok)
condition not met
output (0.00)
computation performed (nowassigned = 1.00)
condition met, output (1.00)
compile error on lines 42-44 [R5: expected left parenthesis after PRINT]
