IDENT	disc
ASSIGNMENT	=
NUMBER	10
EXP	**
NUMBER	2
MINUS	-
LPAREN	(
NUMBER	4
MULT	*
NUMBER	5.5
MULT	*
LPAREN	(
MINUS	-
NUMBER	3
RPAREN	)
RPAREN	)
SEMICOLON	;
IF	IF
LPAREN	(
IDENT	disc
GREATER_THAN_OR_EQUALS	>=
NUMBER	0
RPAREN	)
IDENT	root1
ASSIGNMENT	=
LPAREN	(
MINUS	-
NUMBER	10
PLUS	+
SQRT	SQRT
LPAREN	(
IDENT	disc
RPAREN	)
RPAREN	)
DIVIDE	/
LPAREN	(
NUMBER	2
MULT	*
NUMBER	5.5
RPAREN	)
SEMICOLON	;
IF	IF
LPAREN	(
IDENT	disc
GREATER_THAN_OR_EQUALS	>=
NUMBER	0
RPAREN	)
IDENT	root2
ASSIGNMENT	=
LPAREN	(
MINUS	-
NUMBER	10
MINUS	-
SQRT	SQRT
LPAREN	(
IDENT	disc
RPAREN	)
RPAREN	)
DIVIDE	/
LPAREN	(
NUMBER	2
MULT	*
NUMBER	5.5
RPAREN	)
SEMICOLON	;
PRINT	PRINT
LPAREN	(
IDENT	root1
RPAREN	)
SEMICOLON	;
PRINT	PRINT
LPAREN	(
IDENT	root2
RPAREN	)
SEMICOLON	;
IF	IF
LPAREN	(
IDENT	disc
LESS_THAN	<
NUMBER	0
RPAREN	)
PRINT	PRINT
LPAREN	(
STRING	"no real roots"
RPAREN	)
SEMICOLON	;
PRINT	PRINT
LPAREN	(
STRING	"thank you"
RPAREN	)
SEMICOLON	;
