NUMBER	10
EXP	**
NUMBER	2
PLUS	+
LPAREN	(
NUMBER	4
MULT	*
NUMBER	5.5
MULT	*
LPAREN	(
MINUS	-
NUMBER	3
RPAREN	)
RPAREN	)
ASSIGNMENT	=
IDENT	SAVE
ERROR	1.
LPAREN	(
MINUS	-
NUMBER	10
PLUS	+
SQRT	SQRT
LPAREN	(
IDENT	RECALL
LPAREN	(
NUMBER	1
RPAREN	)
RPAREN	)
RPAREN	)
DIVIDE	/
LPAREN	(
NUMBER	2
MULT	*
NUMBER	5.5
RPAREN	)
ASSIGNMENT	=
PRINT	PRINT
PERIOD	.
LPAREN	(
MINUS	-
NUMBER	10
MINUS	-
SQRT	SQRT
LPAREN	(
IDENT	RECALL
LPAREN	(
NUMBER	1
RPAREN	)
RPAREN	)
RPAREN	)
DIVIDE	/
LPAREN	(
NUMBER	2
MULT	*
NUMBER	5.5
RPAREN	)
ASSIGNMENT	=
PRINT	PRINT
PERIOD	.
